<?xml version="1.0" encoding="UTF-8"?>
<coverage generated="1534972222742" clover="3.2.0">
  <project timestamp="1534972222742" name="All files">
    <metrics statements="133" coveredstatements="121" conditionals="54" coveredconditionals="39" methods="66" coveredmethods="54" elements="253" coveredelements="214" complexity="0" loc="133" ncloc="133" packages="16" files="18" classes="18">
      <package name="Components.App">
        <metrics statements="5" coveredstatements="5" conditionals="2" coveredconditionals="2" methods="2" coveredmethods="1"/>
        <file name="index.jsx" path="/Users/andreszapata/Projects/React/VisualDictionary/src/Components/App/index.jsx">
          <metrics statements="5" coveredstatements="5" conditionals="2" coveredconditionals="2" methods="2" coveredmethods="1"/>
          <line num="15" count="1" type="stmt"/>
          <line num="24" count="4" type="stmt"/>
          <line num="44" count="1" type="stmt"/>
          <line num="57" count="1" type="stmt"/>
          <line num="61" count="1" type="stmt"/>
        </file>
      </package>
      <package name="Components.App.SearchBox">
        <metrics statements="25" coveredstatements="23" conditionals="15" coveredconditionals="15" methods="9" coveredmethods="7"/>
        <file name="index.jsx" path="/Users/andreszapata/Projects/React/VisualDictionary/src/Components/App/SearchBox/index.jsx">
          <metrics statements="25" coveredstatements="23" conditionals="15" coveredconditionals="15" methods="9" coveredmethods="7"/>
          <line num="16" count="34" type="stmt"/>
          <line num="17" count="34" type="cond" truecount="2" falsecount="0"/>
          <line num="18" count="8" type="stmt"/>
          <line num="20" count="26" type="stmt"/>
          <line num="24" count="5" type="stmt"/>
          <line num="25" count="5" type="stmt"/>
          <line num="26" count="5" type="cond" truecount="2" falsecount="0"/>
          <line num="27" count="3" type="stmt"/>
          <line num="28" count="3" type="stmt"/>
          <line num="30" count="2" type="stmt"/>
          <line num="34" count="11" type="stmt"/>
          <line num="35" count="11" type="stmt"/>
          <line num="36" count="11" type="cond" truecount="2" falsecount="0"/>
          <line num="37" count="7" type="stmt"/>
          <line num="38" count="7" type="stmt"/>
          <line num="41" count="4" type="stmt"/>
          <line num="45" count="0" type="stmt"/>
          <line num="46" count="0" type="stmt"/>
          <line num="51" count="2" type="stmt"/>
          <line num="52" count="10" type="stmt"/>
          <line num="63" count="34" type="stmt"/>
          <line num="64" count="34" type="stmt"/>
          <line num="65" count="34" type="stmt"/>
          <line num="69" count="5" type="stmt"/>
          <line num="107" count="2" type="stmt"/>
        </file>
      </package>
      <package name="Components.App.SearchBox.Compnents.SuggestionLink">
        <metrics statements="4" coveredstatements="4" conditionals="0" coveredconditionals="0" methods="2" coveredmethods="2"/>
        <file name="index.jsx" path="/Users/andreszapata/Projects/React/VisualDictionary/src/Components/App/SearchBox/Compnents/SuggestionLink/index.jsx">
          <metrics statements="4" coveredstatements="4" conditionals="0" coveredconditionals="0" methods="2" coveredmethods="2"/>
          <line num="5" count="3" type="stmt"/>
          <line num="6" count="13" type="stmt"/>
          <line num="8" count="1" type="stmt"/>
          <line num="14" count="3" type="stmt"/>
        </file>
      </package>
      <package name="Components.App.SearchResults">
        <metrics statements="9" coveredstatements="9" conditionals="0" coveredconditionals="0" methods="5" coveredmethods="5"/>
        <file name="index.jsx" path="/Users/andreszapata/Projects/React/VisualDictionary/src/Components/App/SearchResults/index.jsx">
          <metrics statements="8" coveredstatements="8" conditionals="0" coveredconditionals="0" methods="4" coveredmethods="4"/>
          <line num="7" count="2" type="stmt"/>
          <line num="16" count="2" type="stmt"/>
          <line num="17" count="7" type="stmt"/>
          <line num="27" count="9" type="stmt"/>
          <line num="29" count="9" type="stmt"/>
          <line num="34" count="15" type="stmt"/>
          <line num="46" count="7" type="stmt"/>
          <line num="53" count="2" type="stmt"/>
        </file>
        <file name="mocks.js" path="/Users/andreszapata/Projects/React/VisualDictionary/src/Components/App/SearchResults/mocks.js">
          <metrics statements="1" coveredstatements="1" conditionals="0" coveredconditionals="0" methods="1" coveredmethods="1"/>
          <line num="3" count="15" type="stmt"/>
        </file>
      </package>
      <package name="Components.App.SearchResults.Components.LexicalEntry">
        <metrics statements="3" coveredstatements="3" conditionals="0" coveredconditionals="0" methods="1" coveredmethods="1"/>
        <file name="index.jsx" path="/Users/andreszapata/Projects/React/VisualDictionary/src/Components/App/SearchResults/Components/LexicalEntry/index.jsx">
          <metrics statements="3" coveredstatements="3" conditionals="0" coveredconditionals="0" methods="1" coveredmethods="1"/>
          <line num="8" count="3" type="stmt"/>
          <line num="9" count="11" type="stmt"/>
          <line num="22" count="3" type="stmt"/>
        </file>
      </package>
      <package name="Components.App.SearchResults.Components.LexicalEntry.Components.Definitions">
        <metrics statements="9" coveredstatements="4" conditionals="9" coveredconditionals="0" methods="7" coveredmethods="1"/>
        <file name="index.jsx" path="/Users/andreszapata/Projects/React/VisualDictionary/src/Components/App/SearchResults/Components/LexicalEntry/Components/Definitions/index.jsx">
          <metrics statements="9" coveredstatements="4" conditionals="9" coveredconditionals="0" methods="7" coveredmethods="1"/>
          <line num="5" count="4" type="stmt"/>
          <line num="6" count="12" type="stmt"/>
          <line num="14" count="12" type="stmt"/>
          <line num="18" count="0" type="stmt"/>
          <line num="22" count="0" type="stmt"/>
          <line num="28" count="0" type="stmt"/>
          <line num="35" count="0" type="stmt"/>
          <line num="42" count="0" type="stmt"/>
          <line num="56" count="4" type="stmt"/>
        </file>
      </package>
      <package name="Components.App.SearchResults.Components.LexicalEntry.Components.Etymologies">
        <metrics statements="5" coveredstatements="5" conditionals="2" coveredconditionals="2" methods="4" coveredmethods="4"/>
        <file name="index.jsx" path="/Users/andreszapata/Projects/React/VisualDictionary/src/Components/App/SearchResults/Components/LexicalEntry/Components/Etymologies/index.jsx">
          <metrics statements="5" coveredstatements="5" conditionals="2" coveredconditionals="2" methods="4" coveredmethods="4"/>
          <line num="5" count="4" type="stmt"/>
          <line num="6" count="12" type="stmt"/>
          <line num="7" count="12" type="stmt"/>
          <line num="11" count="12" type="stmt"/>
          <line num="17" count="4" type="stmt"/>
        </file>
      </package>
      <package name="Components.App.SearchResults.Components.LexicalEntry.Components.Pronunciations">
        <metrics statements="5" coveredstatements="5" conditionals="4" coveredconditionals="4" methods="3" coveredmethods="3"/>
        <file name="index.jsx" path="/Users/andreszapata/Projects/React/VisualDictionary/src/Components/App/SearchResults/Components/LexicalEntry/Components/Pronunciations/index.jsx">
          <metrics statements="5" coveredstatements="5" conditionals="4" coveredconditionals="4" methods="3" coveredmethods="3"/>
          <line num="5" count="4" type="stmt"/>
          <line num="6" count="15" type="stmt"/>
          <line num="8" count="26" type="stmt"/>
          <line num="13" count="26" type="stmt"/>
          <line num="23" count="4" type="stmt"/>
        </file>
      </package>
      <package name="Components.App.SearchResults.Components.PlayAudioButton">
        <metrics statements="4" coveredstatements="4" conditionals="0" coveredconditionals="0" methods="2" coveredmethods="2"/>
        <file name="index.jsx" path="/Users/andreszapata/Projects/React/VisualDictionary/src/Components/App/SearchResults/Components/PlayAudioButton/index.jsx">
          <metrics statements="4" coveredstatements="4" conditionals="0" coveredconditionals="0" methods="2" coveredmethods="2"/>
          <line num="5" count="5" type="stmt"/>
          <line num="6" count="18" type="stmt"/>
          <line num="7" count="1" type="stmt"/>
          <line num="13" count="5" type="stmt"/>
        </file>
      </package>
      <package name="Components.App.actionTypes">
        <metrics statements="1" coveredstatements="1" conditionals="0" coveredconditionals="0" methods="0" coveredmethods="0"/>
        <file name="index.js" path="/Users/andreszapata/Projects/React/VisualDictionary/src/Components/App/actionTypes/index.js">
          <metrics statements="1" coveredstatements="1" conditionals="0" coveredconditionals="0" methods="0" coveredmethods="0"/>
          <line num="3" count="4" type="stmt"/>
        </file>
      </package>
      <package name="Components.App.actions">
        <metrics statements="18" coveredstatements="18" conditionals="4" coveredconditionals="3" methods="9" coveredmethods="9"/>
        <file name="index.js" path="/Users/andreszapata/Projects/React/VisualDictionary/src/Components/App/actions/index.js">
          <metrics statements="18" coveredstatements="18" conditionals="4" coveredconditionals="3" methods="9" coveredmethods="9"/>
          <line num="4" count="4" type="stmt"/>
          <line num="12" count="2" type="stmt"/>
          <line num="13" count="2" type="stmt"/>
          <line num="23" count="3" type="stmt"/>
          <line num="31" count="1" type="stmt"/>
          <line num="38" count="1" type="stmt"/>
          <line num="45" count="1" type="cond" truecount="1" falsecount="1"/>
          <line num="49" count="3" type="stmt"/>
          <line num="50" count="3" type="stmt"/>
          <line num="51" count="3" type="stmt"/>
          <line num="52" count="3" type="stmt"/>
          <line num="53" count="1" type="stmt"/>
          <line num="54" count="1" type="stmt"/>
          <line num="56" count="2" type="cond" truecount="2" falsecount="0"/>
          <line num="57" count="1" type="stmt"/>
          <line num="59" count="1" type="stmt"/>
          <line num="60" count="1" type="stmt"/>
          <line num="62" count="2" type="stmt"/>
        </file>
      </package>
      <package name="Components.App.reducers">
        <metrics statements="26" coveredstatements="24" conditionals="10" coveredconditionals="7" methods="15" coveredmethods="13"/>
        <file name="SearchStore.js" path="/Users/andreszapata/Projects/React/VisualDictionary/src/Components/App/reducers/SearchStore.js">
          <metrics statements="8" coveredstatements="8" conditionals="6" coveredconditionals="6" methods="1" coveredmethods="1"/>
          <line num="3" count="1" type="stmt"/>
          <line num="12" count="6" type="stmt"/>
          <line num="13" count="6" type="cond" truecount="5" falsecount="0"/>
          <line num="15" count="2" type="stmt"/>
          <line num="22" count="1" type="stmt"/>
          <line num="29" count="1" type="stmt"/>
          <line num="37" count="1" type="stmt"/>
          <line num="42" count="1" type="stmt"/>
        </file>
        <file name="selectors.js" path="/Users/andreszapata/Projects/React/VisualDictionary/src/Components/App/reducers/selectors.js">
          <metrics statements="18" coveredstatements="16" conditionals="4" coveredconditionals="1" methods="14" coveredmethods="12"/>
          <line num="5" count="2" type="stmt"/>
          <line num="6" count="4" type="stmt"/>
          <line num="13" count="2" type="stmt"/>
          <line num="15" count="2" type="stmt"/>
          <line num="16" count="2" type="cond" truecount="1" falsecount="1"/>
          <line num="17" count="2" type="stmt"/>
          <line num="18" count="2" type="stmt"/>
          <line num="19" count="4" type="stmt"/>
          <line num="25" count="4" type="stmt"/>
          <line num="27" count="0" type="stmt"/>
          <line num="32" count="4" type="stmt"/>
          <line num="37" count="0" type="stmt"/>
          <line num="40" count="3" type="stmt"/>
          <line num="42" count="2" type="stmt"/>
          <line num="43" count="9" type="stmt"/>
          <line num="49" count="2" type="stmt"/>
          <line num="51" count="2" type="stmt"/>
          <line num="52" count="6" type="stmt"/>
        </file>
      </package>
      <package name="jest">
        <metrics statements="2" coveredstatements="2" conditionals="0" coveredconditionals="0" methods="1" coveredmethods="1"/>
        <file name="globals.js" path="/Users/andreszapata/Projects/React/VisualDictionary/src/jest/globals.js">
          <metrics statements="2" coveredstatements="2" conditionals="0" coveredconditionals="0" methods="1" coveredmethods="1"/>
          <line num="1" count="14" type="stmt"/>
          <line num="2" count="2" type="stmt"/>
        </file>
      </package>
      <package name="utils.audio">
        <metrics statements="3" coveredstatements="1" conditionals="0" coveredconditionals="0" methods="1" coveredmethods="0"/>
        <file name="playAudio.js" path="/Users/andreszapata/Projects/React/VisualDictionary/src/utils/audio/playAudio.js">
          <metrics statements="3" coveredstatements="1" conditionals="0" coveredconditionals="0" methods="1" coveredmethods="0"/>
          <line num="1" count="4" type="stmt"/>
          <line num="2" count="0" type="stmt"/>
          <line num="3" count="0" type="stmt"/>
        </file>
      </package>
      <package name="utils.hydrateWithId">
        <metrics statements="3" coveredstatements="3" conditionals="2" coveredconditionals="2" methods="2" coveredmethods="2"/>
        <file name="index.js" path="/Users/andreszapata/Projects/React/VisualDictionary/src/utils/hydrateWithId/index.js">
          <metrics statements="3" coveredstatements="3" conditionals="2" coveredconditionals="2" methods="2" coveredmethods="2"/>
          <line num="4" count="3" type="stmt"/>
          <line num="5" count="12" type="cond" truecount="2" falsecount="0"/>
          <line num="6" count="11" type="stmt"/>
        </file>
      </package>
      <package name="utils.request">
        <metrics statements="11" coveredstatements="10" conditionals="6" coveredconditionals="4" methods="3" coveredmethods="3"/>
        <file name="index.js" path="/Users/andreszapata/Projects/React/VisualDictionary/src/utils/request/index.js">
          <metrics statements="11" coveredstatements="10" conditionals="6" coveredconditionals="4" methods="3" coveredmethods="3"/>
          <line num="3" count="2" type="stmt"/>
          <line num="4" count="3" type="cond" truecount="1" falsecount="1"/>
          <line num="5" count="3" type="stmt"/>
          <line num="7" count="0" type="stmt"/>
          <line num="11" count="5" type="stmt"/>
          <line num="13" count="5" type="stmt"/>
          <line num="20" count="5" type="cond" truecount="1" falsecount="1"/>
          <line num="21" count="5" type="stmt"/>
          <line num="24" count="5" type="stmt"/>
          <line num="29" count="5" type="stmt"/>
          <line num="31" count="3" type="stmt"/>
        </file>
      </package>
    </metrics>
  </project>
</coverage>
