{"/Users/andreszapata/Projects/React/VisualDictionary/src/Components/App/index.jsx": {"path":"/Users/andreszapata/Projects/React/VisualDictionary/src/Components/App/index.jsx","statementMap":{"0":{"start":{"line":15,"column":19},"end":{"line":42,"column":1}},"1":{"start":{"line":24,"column":2},"end":{"line":41,"column":8}},"2":{"start":{"line":44,"column":0},"end":{"line":55,"column":1}},"3":{"start":{"line":57,"column":27},"end":{"line":59,"column":1}},"4":{"start":{"line":61,"column":24},"end":{"line":67,"column":2}},"5":{"start":{"line":61,"column":34},"end":{"line":67,"column":1}}},"fnMap":{"0":{"name":"(anonymous_0)","decl":{"start":{"line":15,"column":19},"end":{"line":15,"column":20}},"loc":{"start":{"line":24,"column":2},"end":{"line":41,"column":8}},"line":24},"1":{"name":"(anonymous_1)","decl":{"start":{"line":61,"column":24},"end":{"line":61,"column":25}},"loc":{"start":{"line":61,"column":34},"end":{"line":67,"column":1}},"line":61}},"branchMap":{"0":{"loc":{"start":{"line":31,"column":5},"end":{"line":35,"column":5}},"type":"binary-expr","locations":[{"start":{"line":31,"column":5},"end":{"line":31,"column":14}},{"start":{"line":32,"column":6},"end":{"line":34,"column":12}}],"line":31}},"s":{"0":1,"1":4,"2":1,"3":1,"4":1,"5":0},"f":{"0":4,"1":0},"b":{"0":[4,1]},"_coverageSchema":"332fd63041d2c1bcb487cc26dd0d5f7d97098a6c","hash":"b45144f0c3324aa78ac0931cf4e4feff4c6ac029"}
,"/Users/andreszapata/Projects/React/VisualDictionary/src/Components/App/SearchBox/index.jsx": {"path":"/Users/andreszapata/Projects/React/VisualDictionary/src/Components/App/SearchBox/index.jsx","statementMap":{"0":{"start":{"line":16,"column":8},"end":{"line":16,"column":17}},"1":{"start":{"line":17,"column":4},"end":{"line":19,"column":5}},"2":{"start":{"line":18,"column":6},"end":{"line":18,"column":41}},"3":{"start":{"line":20,"column":4},"end":{"line":20,"column":40}},"4":{"start":{"line":24,"column":4},"end":{"line":24,"column":23}},"5":{"start":{"line":25,"column":27},"end":{"line":25,"column":37}},"6":{"start":{"line":26,"column":4},"end":{"line":29,"column":5}},"7":{"start":{"line":27,"column":6},"end":{"line":27,"column":51}},"8":{"start":{"line":28,"column":6},"end":{"line":28,"column":12}},"9":{"start":{"line":30,"column":4},"end":{"line":30,"column":37}},"10":{"start":{"line":34,"column":4},"end":{"line":34,"column":24}},"11":{"start":{"line":35,"column":34},"end":{"line":35,"column":43}},"12":{"start":{"line":36,"column":4},"end":{"line":39,"column":5}},"13":{"start":{"line":37,"column":6},"end":{"line":37,"column":64}},"14":{"start":{"line":38,"column":6},"end":{"line":38,"column":12}},"15":{"start":{"line":41,"column":4},"end":{"line":41,"column":33}},"16":{"start":{"line":45,"column":4},"end":{"line":47,"column":6}},"17":{"start":{"line":46,"column":6},"end":{"line":46,"column":39}},"18":{"start":{"line":51,"column":4},"end":{"line":59,"column":6}},"19":{"start":{"line":52,"column":6},"end":{"line":58,"column":23}},"20":{"start":{"line":63,"column":69},"end":{"line":63,"column":79}},"21":{"start":{"line":64,"column":28},"end":{"line":64,"column":38}},"22":{"start":{"line":65,"column":4},"end":{"line":103,"column":5}},"23":{"start":{"line":69,"column":26},"end":{"line":69,"column":49}},"24":{"start":{"line":107,"column":0},"end":{"line":115,"column":1}}},"fnMap":{"0":{"name":"(anonymous_0)","decl":{"start":{"line":13,"column":2},"end":{"line":13,"column":3}},"loc":{"start":{"line":13,"column":45},"end":{"line":21,"column":3}},"line":13},"1":{"name":"(anonymous_1)","decl":{"start":{"line":23,"column":19},"end":{"line":23,"column":20}},"loc":{"start":{"line":23,"column":25},"end":{"line":31,"column":3}},"line":23},"2":{"name":"(anonymous_2)","decl":{"start":{"line":33,"column":18},"end":{"line":33,"column":19}},"loc":{"start":{"line":33,"column":24},"end":{"line":42,"column":3}},"line":33},"3":{"name":"(anonymous_3)","decl":{"start":{"line":44,"column":22},"end":{"line":44,"column":23}},"loc":{"start":{"line":44,"column":36},"end":{"line":48,"column":3}},"line":44},"4":{"name":"(anonymous_4)","decl":{"start":{"line":45,"column":34},"end":{"line":45,"column":35}},"loc":{"start":{"line":45,"column":40},"end":{"line":47,"column":5}},"line":45},"5":{"name":"(anonymous_5)","decl":{"start":{"line":50,"column":22},"end":{"line":50,"column":23}},"loc":{"start":{"line":50,"column":28},"end":{"line":60,"column":3}},"line":50},"6":{"name":"(anonymous_6)","decl":{"start":{"line":51,"column":38},"end":{"line":51,"column":39}},"loc":{"start":{"line":52,"column":6},"end":{"line":58,"column":23}},"line":52},"7":{"name":"(anonymous_7)","decl":{"start":{"line":62,"column":2},"end":{"line":62,"column":3}},"loc":{"start":{"line":62,"column":11},"end":{"line":104,"column":3}},"line":62},"8":{"name":"(anonymous_8)","decl":{"start":{"line":69,"column":20},"end":{"line":69,"column":21}},"loc":{"start":{"line":69,"column":26},"end":{"line":69,"column":49}},"line":69}},"branchMap":{"0":{"loc":{"start":{"line":17,"column":4},"end":{"line":19,"column":5}},"type":"if","locations":[{"start":{"line":17,"column":4},"end":{"line":19,"column":5}},{"start":{"line":17,"column":4},"end":{"line":19,"column":5}}],"line":17},"1":{"loc":{"start":{"line":26,"column":4},"end":{"line":29,"column":5}},"type":"if","locations":[{"start":{"line":26,"column":4},"end":{"line":29,"column":5}},{"start":{"line":26,"column":4},"end":{"line":29,"column":5}}],"line":26},"2":{"loc":{"start":{"line":36,"column":4},"end":{"line":39,"column":5}},"type":"if","locations":[{"start":{"line":36,"column":4},"end":{"line":39,"column":5}},{"start":{"line":36,"column":4},"end":{"line":39,"column":5}}],"line":36},"3":{"loc":{"start":{"line":57,"column":10},"end":{"line":57,"column":27}},"type":"cond-expr","locations":[{"start":{"line":57,"column":18},"end":{"line":57,"column":22}},{"start":{"line":57,"column":25},"end":{"line":57,"column":27}}],"line":57},"4":{"loc":{"start":{"line":85,"column":11},"end":{"line":89,"column":11}},"type":"binary-expr","locations":[{"start":{"line":85,"column":11},"end":{"line":85,"column":31}},{"start":{"line":86,"column":12},"end":{"line":88,"column":16}}],"line":85},"5":{"loc":{"start":{"line":90,"column":11},"end":{"line":95,"column":13}},"type":"binary-expr","locations":[{"start":{"line":90,"column":11},"end":{"line":90,"column":29}},{"start":{"line":91,"column":12},"end":{"line":91,"column":33}},{"start":{"line":92,"column":14},"end":{"line":94,"column":18}}],"line":90},"6":{"loc":{"start":{"line":96,"column":11},"end":{"line":100,"column":11}},"type":"binary-expr","locations":[{"start":{"line":96,"column":11},"end":{"line":96,"column":33}},{"start":{"line":97,"column":12},"end":{"line":99,"column":18}}],"line":96}},"s":{"0":34,"1":34,"2":8,"3":26,"4":5,"5":5,"6":5,"7":3,"8":3,"9":2,"10":11,"11":11,"12":11,"13":7,"14":7,"15":4,"16":0,"17":0,"18":2,"19":10,"20":34,"21":34,"22":34,"23":5,"24":2},"f":{"0":34,"1":5,"2":11,"3":0,"4":0,"5":2,"6":10,"7":34,"8":5},"b":{"0":[8,26],"1":[3,2],"2":[7,4],"3":[8,2],"4":[34,3],"5":[34,8,7],"6":[34,2]},"_coverageSchema":"332fd63041d2c1bcb487cc26dd0d5f7d97098a6c","hash":"f5acc825c1072d41d1156a7a04c3c2fdd1f776a5"}
,"/Users/andreszapata/Projects/React/VisualDictionary/src/Components/App/SearchBox/Compnents/SuggestionLink/index.jsx": {"path":"/Users/andreszapata/Projects/React/VisualDictionary/src/Components/App/SearchBox/Compnents/SuggestionLink/index.jsx","statementMap":{"0":{"start":{"line":5,"column":23},"end":{"line":12,"column":1}},"1":{"start":{"line":6,"column":2},"end":{"line":11,"column":11}},"2":{"start":{"line":8,"column":19},"end":{"line":8,"column":48}},"3":{"start":{"line":14,"column":0},"end":{"line":18,"column":1}}},"fnMap":{"0":{"name":"(anonymous_0)","decl":{"start":{"line":5,"column":23},"end":{"line":5,"column":24}},"loc":{"start":{"line":6,"column":2},"end":{"line":11,"column":11}},"line":6},"1":{"name":"(anonymous_1)","decl":{"start":{"line":8,"column":13},"end":{"line":8,"column":14}},"loc":{"start":{"line":8,"column":19},"end":{"line":8,"column":48}},"line":8}},"branchMap":{},"s":{"0":3,"1":13,"2":1,"3":3},"f":{"0":13,"1":1},"b":{},"_coverageSchema":"332fd63041d2c1bcb487cc26dd0d5f7d97098a6c","hash":"b624fc47d49a17471d33fa4930c5fd0b382647b1"}
,"/Users/andreszapata/Projects/React/VisualDictionary/src/Components/App/SearchResults/index.jsx": {"path":"/Users/andreszapata/Projects/React/VisualDictionary/src/Components/App/SearchResults/index.jsx","statementMap":{"0":{"start":{"line":7,"column":23},"end":{"line":14,"column":1}},"1":{"start":{"line":16,"column":25},"end":{"line":23,"column":1}},"2":{"start":{"line":17,"column":2},"end":{"line":22,"column":3}},"3":{"start":{"line":27,"column":38},"end":{"line":27,"column":48}},"4":{"start":{"line":29,"column":4},"end":{"line":49,"column":5}},"5":{"start":{"line":34,"column":14},"end":{"line":41,"column":18}},"6":{"start":{"line":46,"column":32},"end":{"line":46,"column":55}},"7":{"start":{"line":53,"column":0},"end":{"line":71,"column":1}}},"fnMap":{"0":{"name":"(anonymous_0)","decl":{"start":{"line":16,"column":25},"end":{"line":16,"column":26}},"loc":{"start":{"line":16,"column":34},"end":{"line":23,"column":1}},"line":16},"1":{"name":"(anonymous_1)","decl":{"start":{"line":26,"column":2},"end":{"line":26,"column":3}},"loc":{"start":{"line":26,"column":11},"end":{"line":50,"column":3}},"line":26},"2":{"name":"(anonymous_2)","decl":{"start":{"line":33,"column":30},"end":{"line":33,"column":31}},"loc":{"start":{"line":34,"column":14},"end":{"line":41,"column":18}},"line":34},"3":{"name":"(anonymous_3)","decl":{"start":{"line":46,"column":23},"end":{"line":46,"column":24}},"loc":{"start":{"line":46,"column":32},"end":{"line":46,"column":55}},"line":46}},"branchMap":{},"s":{"0":2,"1":2,"2":7,"3":9,"4":9,"5":15,"6":7,"7":2},"f":{"0":7,"1":9,"2":15,"3":7},"b":{},"_coverageSchema":"332fd63041d2c1bcb487cc26dd0d5f7d97098a6c","hash":"2c97f31cd7138e377ad186769610235a450f7d22"}
,"/Users/andreszapata/Projects/React/VisualDictionary/src/Components/App/SearchResults/mocks.js": {"path":"/Users/andreszapata/Projects/React/VisualDictionary/src/Components/App/SearchResults/mocks.js","statementMap":{"0":{"start":{"line":3,"column":20},"end":{"line":28,"column":2}},"1":{"start":{"line":3,"column":27},"end":{"line":28,"column":1}}},"fnMap":{"0":{"name":"(anonymous_0)","decl":{"start":{"line":3,"column":20},"end":{"line":3,"column":21}},"loc":{"start":{"line":3,"column":27},"end":{"line":28,"column":1}},"line":3}},"branchMap":{},"s":{"0":3,"1":15},"f":{"0":15},"b":{},"_coverageSchema":"332fd63041d2c1bcb487cc26dd0d5f7d97098a6c","hash":"57ef3ea9f7a49038fb3c2e13f400a75d9d287b24"}
,"/Users/andreszapata/Projects/React/VisualDictionary/src/Components/App/SearchResults/Components/LexicalEntry/index.jsx": {"path":"/Users/andreszapata/Projects/React/VisualDictionary/src/Components/App/SearchResults/Components/LexicalEntry/index.jsx","statementMap":{"0":{"start":{"line":8,"column":21},"end":{"line":20,"column":1}},"1":{"start":{"line":9,"column":2},"end":{"line":19,"column":3}},"2":{"start":{"line":22,"column":0},"end":{"line":30,"column":1}}},"fnMap":{"0":{"name":"(anonymous_0)","decl":{"start":{"line":8,"column":21},"end":{"line":8,"column":22}},"loc":{"start":{"line":8,"column":36},"end":{"line":20,"column":1}},"line":8}},"branchMap":{},"s":{"0":3,"1":11,"2":3},"f":{"0":11},"b":{},"_coverageSchema":"332fd63041d2c1bcb487cc26dd0d5f7d97098a6c","hash":"6d40baa625dc2cc792d242d1457c1e18c834d699"}
,"/Users/andreszapata/Projects/React/VisualDictionary/src/Components/App/SearchResults/Components/LexicalEntry/Components/Definitions/index.jsx": {"path":"/Users/andreszapata/Projects/React/VisualDictionary/src/Components/App/SearchResults/Components/LexicalEntry/Components/Definitions/index.jsx","statementMap":{"0":{"start":{"line":5,"column":20},"end":{"line":54,"column":1}},"1":{"start":{"line":6,"column":17},"end":{"line":12,"column":5}},"2":{"start":{"line":6,"column":52},"end":{"line":12,"column":3}},"3":{"start":{"line":14,"column":2},"end":{"line":53,"column":3}},"4":{"start":{"line":18,"column":10},"end":{"line":49,"column":11}},"5":{"start":{"line":22,"column":44},"end":{"line":22,"column":50}},"6":{"start":{"line":28,"column":20},"end":{"line":30,"column":24}},"7":{"start":{"line":35,"column":20},"end":{"line":37,"column":26}},"8":{"start":{"line":42,"column":22},"end":{"line":44,"column":26}},"9":{"start":{"line":56,"column":0},"end":{"line":63,"column":1}}},"fnMap":{"0":{"name":"(anonymous_0)","decl":{"start":{"line":5,"column":20},"end":{"line":5,"column":21}},"loc":{"start":{"line":5,"column":35},"end":{"line":54,"column":1}},"line":5},"1":{"name":"(anonymous_1)","decl":{"start":{"line":6,"column":45},"end":{"line":6,"column":46}},"loc":{"start":{"line":6,"column":52},"end":{"line":12,"column":3}},"line":6},"2":{"name":"(anonymous_2)","decl":{"start":{"line":17,"column":20},"end":{"line":17,"column":21}},"loc":{"start":{"line":17,"column":29},"end":{"line":50,"column":9}},"line":17},"3":{"name":"(anonymous_3)","decl":{"start":{"line":22,"column":39},"end":{"line":22,"column":40}},"loc":{"start":{"line":22,"column":44},"end":{"line":22,"column":50}},"line":22},"4":{"name":"(anonymous_4)","decl":{"start":{"line":27,"column":40},"end":{"line":27,"column":41}},"loc":{"start":{"line":28,"column":20},"end":{"line":30,"column":24}},"line":28},"5":{"name":"(anonymous_5)","decl":{"start":{"line":34,"column":44},"end":{"line":34,"column":45}},"loc":{"start":{"line":35,"column":20},"end":{"line":37,"column":26}},"line":35},"6":{"name":"(anonymous_6)","decl":{"start":{"line":41,"column":39},"end":{"line":41,"column":40}},"loc":{"start":{"line":42,"column":22},"end":{"line":44,"column":26}},"line":42}},"branchMap":{"0":{"loc":{"start":{"line":21,"column":17},"end":{"line":23,"column":17}},"type":"binary-expr","locations":[{"start":{"line":21,"column":17},"end":{"line":21,"column":28}},{"start":{"line":22,"column":18},"end":{"line":22,"column":67}}],"line":21},"1":{"loc":{"start":{"line":26,"column":17},"end":{"line":31,"column":20}},"type":"binary-expr","locations":[{"start":{"line":26,"column":17},"end":{"line":26,"column":34}},{"start":{"line":27,"column":18},"end":{"line":31,"column":20}}],"line":26},"2":{"loc":{"start":{"line":32,"column":17},"end":{"line":38,"column":20}},"type":"binary-expr","locations":[{"start":{"line":32,"column":17},"end":{"line":32,"column":38}},{"start":{"line":33,"column":18},"end":{"line":33,"column":50}},{"start":{"line":34,"column":18},"end":{"line":38,"column":20}}],"line":32},"3":{"loc":{"start":{"line":40,"column":19},"end":{"line":45,"column":22}},"type":"binary-expr","locations":[{"start":{"line":40,"column":19},"end":{"line":40,"column":33}},{"start":{"line":41,"column":20},"end":{"line":45,"column":22}}],"line":40}},"s":{"0":4,"1":12,"2":0,"3":12,"4":0,"5":0,"6":0,"7":0,"8":0,"9":4},"f":{"0":12,"1":0,"2":0,"3":0,"4":0,"5":0,"6":0},"b":{"0":[0,0],"1":[0,0],"2":[0,0,0],"3":[0,0]},"_coverageSchema":"332fd63041d2c1bcb487cc26dd0d5f7d97098a6c","hash":"5945b0fd9bd6ca92e3c449d48efd2f1c9eab7015"}
,"/Users/andreszapata/Projects/React/VisualDictionary/src/Components/App/SearchResults/Components/LexicalEntry/Components/Etymologies/index.jsx": {"path":"/Users/andreszapata/Projects/React/VisualDictionary/src/Components/App/SearchResults/Components/LexicalEntry/Components/Etymologies/index.jsx","statementMap":{"0":{"start":{"line":5,"column":20},"end":{"line":15,"column":1}},"1":{"start":{"line":6,"column":22},"end":{"line":6,"column":78}},"2":{"start":{"line":6,"column":46},"end":{"line":6,"column":60}},"3":{"start":{"line":6,"column":75},"end":{"line":6,"column":77}},"4":{"start":{"line":7,"column":2},"end":{"line":14,"column":3}},"5":{"start":{"line":11,"column":35},"end":{"line":11,"column":57}},"6":{"start":{"line":17,"column":0},"end":{"line":19,"column":1}}},"fnMap":{"0":{"name":"(anonymous_0)","decl":{"start":{"line":5,"column":20},"end":{"line":5,"column":21}},"loc":{"start":{"line":5,"column":35},"end":{"line":15,"column":1}},"line":5},"1":{"name":"(anonymous_1)","decl":{"start":{"line":6,"column":40},"end":{"line":6,"column":41}},"loc":{"start":{"line":6,"column":46},"end":{"line":6,"column":60}},"line":6},"2":{"name":"(anonymous_2)","decl":{"start":{"line":6,"column":69},"end":{"line":6,"column":70}},"loc":{"start":{"line":6,"column":75},"end":{"line":6,"column":77}},"line":6},"3":{"name":"(anonymous_3)","decl":{"start":{"line":11,"column":29},"end":{"line":11,"column":30}},"loc":{"start":{"line":11,"column":35},"end":{"line":11,"column":57}},"line":11}},"branchMap":{"0":{"loc":{"start":{"line":8,"column":4},"end":{"line":13,"column":5}},"type":"binary-expr","locations":[{"start":{"line":8,"column":4},"end":{"line":8,"column":26}},{"start":{"line":9,"column":6},"end":{"line":12,"column":12}}],"line":8}},"s":{"0":4,"1":12,"2":12,"3":12,"4":12,"5":12,"6":4},"f":{"0":12,"1":12,"2":12,"3":12},"b":{"0":[12,12]},"_coverageSchema":"332fd63041d2c1bcb487cc26dd0d5f7d97098a6c","hash":"19d47322d5ec5996d83a6a2075b991984f1e8bed"}
,"/Users/andreszapata/Projects/React/VisualDictionary/src/Components/App/SearchResults/Components/LexicalEntry/Components/Pronunciations/index.jsx": {"path":"/Users/andreszapata/Projects/React/VisualDictionary/src/Components/App/SearchResults/Components/LexicalEntry/Components/Pronunciations/index.jsx","statementMap":{"0":{"start":{"line":5,"column":23},"end":{"line":21,"column":1}},"1":{"start":{"line":6,"column":2},"end":{"line":20,"column":8}},"2":{"start":{"line":8,"column":6},"end":{"line":18,"column":13}},"3":{"start":{"line":13,"column":35},"end":{"line":13,"column":59}},"4":{"start":{"line":23,"column":0},"end":{"line":32,"column":1}}},"fnMap":{"0":{"name":"(anonymous_0)","decl":{"start":{"line":5,"column":23},"end":{"line":5,"column":24}},"loc":{"start":{"line":6,"column":2},"end":{"line":20,"column":8}},"line":6},"1":{"name":"(anonymous_1)","decl":{"start":{"line":7,"column":24},"end":{"line":7,"column":25}},"loc":{"start":{"line":8,"column":6},"end":{"line":18,"column":13}},"line":8},"2":{"name":"(anonymous_2)","decl":{"start":{"line":13,"column":30},"end":{"line":13,"column":31}},"loc":{"start":{"line":13,"column":35},"end":{"line":13,"column":59}},"line":13}},"branchMap":{"0":{"loc":{"start":{"line":11,"column":11},"end":{"line":15,"column":11}},"type":"binary-expr","locations":[{"start":{"line":11,"column":11},"end":{"line":11,"column":21}},{"start":{"line":12,"column":12},"end":{"line":14,"column":19}}],"line":11},"1":{"loc":{"start":{"line":16,"column":11},"end":{"line":16,"column":69}},"type":"binary-expr","locations":[{"start":{"line":16,"column":11},"end":{"line":16,"column":22}},{"start":{"line":16,"column":26},"end":{"line":16,"column":69}}],"line":16}},"s":{"0":4,"1":15,"2":26,"3":26,"4":4},"f":{"0":15,"1":26,"2":26},"b":{"0":[26,26],"1":[26,15]},"_coverageSchema":"332fd63041d2c1bcb487cc26dd0d5f7d97098a6c","hash":"4178ca88668c627dae62591156001322ee0acf95"}
,"/Users/andreszapata/Projects/React/VisualDictionary/src/Components/App/SearchResults/Components/PlayAudioButton/index.jsx": {"path":"/Users/andreszapata/Projects/React/VisualDictionary/src/Components/App/SearchResults/Components/PlayAudioButton/index.jsx","statementMap":{"0":{"start":{"line":5,"column":24},"end":{"line":11,"column":1}},"1":{"start":{"line":6,"column":2},"end":{"line":10,"column":3}},"2":{"start":{"line":7,"column":55},"end":{"line":7,"column":75}},"3":{"start":{"line":13,"column":0},"end":{"line":15,"column":1}}},"fnMap":{"0":{"name":"(anonymous_0)","decl":{"start":{"line":5,"column":24},"end":{"line":5,"column":25}},"loc":{"start":{"line":5,"column":43},"end":{"line":11,"column":1}},"line":5},"1":{"name":"(anonymous_1)","decl":{"start":{"line":7,"column":49},"end":{"line":7,"column":50}},"loc":{"start":{"line":7,"column":55},"end":{"line":7,"column":75}},"line":7}},"branchMap":{},"s":{"0":5,"1":18,"2":1,"3":5},"f":{"0":18,"1":1},"b":{},"_coverageSchema":"332fd63041d2c1bcb487cc26dd0d5f7d97098a6c","hash":"4216f78f7d8c92ab1df53ec748501afbfa48e7ac"}
,"/Users/andreszapata/Projects/React/VisualDictionary/src/Components/App/actionTypes/index.js": {"path":"/Users/andreszapata/Projects/React/VisualDictionary/src/Components/App/actionTypes/index.js","statementMap":{"0":{"start":{"line":3,"column":20},"end":{"line":8,"column":2}}},"fnMap":{},"branchMap":{},"s":{"0":4},"f":{},"b":{},"_coverageSchema":"332fd63041d2c1bcb487cc26dd0d5f7d97098a6c","hash":"3f58cc824af7aa334cd69ee48cf8f665bbf96df4"}
,"/Users/andreszapata/Projects/React/VisualDictionary/src/Components/App/actions/index.js": {"path":"/Users/andreszapata/Projects/React/VisualDictionary/src/Components/App/actions/index.js","statementMap":{"0":{"start":{"line":4,"column":33},"end":{"line":9,"column":2}},"1":{"start":{"line":4,"column":49},"end":{"line":9,"column":1}},"2":{"start":{"line":12,"column":22},"end":{"line":12,"column":30}},"3":{"start":{"line":13,"column":2},"end":{"line":19,"column":3}},"4":{"start":{"line":23,"column":2},"end":{"line":27,"column":3}},"5":{"start":{"line":31,"column":2},"end":{"line":34,"column":3}},"6":{"start":{"line":38,"column":2},"end":{"line":45,"column":60}},"7":{"start":{"line":45,"column":22},"end":{"line":45,"column":58}},"8":{"start":{"line":49,"column":2},"end":{"line":64,"column":3}},"9":{"start":{"line":50,"column":4},"end":{"line":50,"column":44}},"10":{"start":{"line":51,"column":4},"end":{"line":63,"column":5}},"11":{"start":{"line":52,"column":22},"end":{"line":52,"column":64}},"12":{"start":{"line":53,"column":28},"end":{"line":53,"column":59}},"13":{"start":{"line":54,"column":6},"end":{"line":54,"column":57}},"14":{"start":{"line":56,"column":6},"end":{"line":61,"column":7}},"15":{"start":{"line":57,"column":28},"end":{"line":59,"column":44}},"16":{"start":{"line":59,"column":27},"end":{"line":59,"column":43}},"17":{"start":{"line":60,"column":8},"end":{"line":60,"column":49}},"18":{"start":{"line":62,"column":6},"end":{"line":62,"column":38}}},"fnMap":{"0":{"name":"(anonymous_0)","decl":{"start":{"line":4,"column":33},"end":{"line":4,"column":34}},"loc":{"start":{"line":4,"column":49},"end":{"line":9,"column":1}},"line":4},"1":{"name":"searchWordSuccess","decl":{"start":{"line":11,"column":16},"end":{"line":11,"column":33}},"loc":{"start":{"line":11,"column":58},"end":{"line":20,"column":1}},"line":11},"2":{"name":"searchWordFailure","decl":{"start":{"line":22,"column":16},"end":{"line":22,"column":33}},"loc":{"start":{"line":22,"column":39},"end":{"line":28,"column":1}},"line":22},"3":{"name":"displaySuggestions","decl":{"start":{"line":30,"column":9},"end":{"line":30,"column":27}},"loc":{"start":{"line":30,"column":41},"end":{"line":35,"column":1}},"line":30},"4":{"name":"searchImages","decl":{"start":{"line":37,"column":9},"end":{"line":37,"column":21}},"loc":{"start":{"line":37,"column":35},"end":{"line":46,"column":1}},"line":37},"5":{"name":"(anonymous_5)","decl":{"start":{"line":45,"column":9},"end":{"line":45,"column":10}},"loc":{"start":{"line":45,"column":22},"end":{"line":45,"column":58}},"line":45},"6":{"name":"searchWord","decl":{"start":{"line":48,"column":24},"end":{"line":48,"column":34}},"loc":{"start":{"line":48,"column":48},"end":{"line":65,"column":1}},"line":48},"7":{"name":"(anonymous_7)","decl":{"start":{"line":49,"column":9},"end":{"line":49,"column":10}},"loc":{"start":{"line":49,"column":27},"end":{"line":64,"column":3}},"line":49},"8":{"name":"(anonymous_8)","decl":{"start":{"line":59,"column":15},"end":{"line":59,"column":16}},"loc":{"start":{"line":59,"column":27},"end":{"line":59,"column":43}},"line":59}},"branchMap":{"0":{"loc":{"start":{"line":45,"column":22},"end":{"line":45,"column":58}},"type":"cond-expr","locations":[{"start":{"line":45,"column":39},"end":{"line":45,"column":53}},{"start":{"line":45,"column":56},"end":{"line":45,"column":58}}],"line":45},"1":{"loc":{"start":{"line":56,"column":6},"end":{"line":61,"column":7}},"type":"if","locations":[{"start":{"line":56,"column":6},"end":{"line":61,"column":7}},{"start":{"line":56,"column":6},"end":{"line":61,"column":7}}],"line":56}},"s":{"0":2,"1":4,"2":2,"3":2,"4":3,"5":1,"6":1,"7":1,"8":3,"9":3,"10":3,"11":3,"12":1,"13":1,"14":2,"15":1,"16":1,"17":1,"18":2},"f":{"0":4,"1":2,"2":3,"3":1,"4":1,"5":1,"6":3,"7":3,"8":1},"b":{"0":[0,1],"1":[1,1]},"_coverageSchema":"332fd63041d2c1bcb487cc26dd0d5f7d97098a6c","hash":"1ea3e8a6acb440c91dfc93e0326f9bcd2e05ac11"}
,"/Users/andreszapata/Projects/React/VisualDictionary/src/Components/App/reducers/SearchStore.js": {"path":"/Users/andreszapata/Projects/React/VisualDictionary/src/Components/App/reducers/SearchStore.js","statementMap":{"0":{"start":{"line":3,"column":21},"end":{"line":9,"column":1}},"1":{"start":{"line":12,"column":71},"end":{"line":12,"column":77}},"2":{"start":{"line":13,"column":2},"end":{"line":43,"column":3}},"3":{"start":{"line":15,"column":6},"end":{"line":20,"column":7}},"4":{"start":{"line":22,"column":6},"end":{"line":27,"column":7}},"5":{"start":{"line":29,"column":6},"end":{"line":35,"column":7}},"6":{"start":{"line":37,"column":6},"end":{"line":40,"column":7}},"7":{"start":{"line":42,"column":6},"end":{"line":42,"column":18}}},"fnMap":{"0":{"name":"SearchStore","decl":{"start":{"line":11,"column":24},"end":{"line":11,"column":35}},"loc":{"start":{"line":11,"column":66},"end":{"line":44,"column":1}},"line":11}},"branchMap":{"0":{"loc":{"start":{"line":11,"column":36},"end":{"line":11,"column":56}},"type":"default-arg","locations":[{"start":{"line":11,"column":44},"end":{"line":11,"column":56}}],"line":11},"1":{"loc":{"start":{"line":13,"column":2},"end":{"line":43,"column":3}},"type":"switch","locations":[{"start":{"line":14,"column":4},"end":{"line":20,"column":7}},{"start":{"line":21,"column":4},"end":{"line":27,"column":7}},{"start":{"line":28,"column":4},"end":{"line":35,"column":7}},{"start":{"line":36,"column":4},"end":{"line":40,"column":7}},{"start":{"line":41,"column":4},"end":{"line":42,"column":18}}],"line":13}},"s":{"0":1,"1":6,"2":6,"3":2,"4":1,"5":1,"6":1,"7":1},"f":{"0":6},"b":{"0":[2],"1":[2,1,1,1,1]},"_coverageSchema":"332fd63041d2c1bcb487cc26dd0d5f7d97098a6c","hash":"02a83844369b0baf5656c8257bffe1a796caac8f"}
,"/Users/andreszapata/Projects/React/VisualDictionary/src/Components/App/reducers/selectors.js": {"path":"/Users/andreszapata/Projects/React/VisualDictionary/src/Components/App/reducers/selectors.js","statementMap":{"0":{"start":{"line":5,"column":29},"end":{"line":11,"column":1}},"1":{"start":{"line":6,"column":2},"end":{"line":10,"column":5}},"2":{"start":{"line":6,"column":28},"end":{"line":10,"column":3}},"3":{"start":{"line":13,"column":26},"end":{"line":13,"column":60}},"4":{"start":{"line":13,"column":35},"end":{"line":13,"column":60}},"5":{"start":{"line":15,"column":31},"end":{"line":38,"column":2}},"6":{"start":{"line":16,"column":2},"end":{"line":36,"column":3}},"7":{"start":{"line":17,"column":27},"end":{"line":17,"column":52}},"8":{"start":{"line":18,"column":4},"end":{"line":35,"column":9}},"9":{"start":{"line":19,"column":28},"end":{"line":24,"column":7}},"10":{"start":{"line":25,"column":30},"end":{"line":31,"column":7}},"11":{"start":{"line":27,"column":64},"end":{"line":30,"column":9}},"12":{"start":{"line":32,"column":30},"end":{"line":35,"column":7}},"13":{"start":{"line":37,"column":2},"end":{"line":37,"column":11}},"14":{"start":{"line":40,"column":24},"end":{"line":40,"column":63}},"15":{"start":{"line":40,"column":33},"end":{"line":40,"column":63}},"16":{"start":{"line":42,"column":29},"end":{"line":47,"column":1}},"17":{"start":{"line":43,"column":2},"end":{"line":46,"column":5}},"18":{"start":{"line":43,"column":35},"end":{"line":46,"column":3}},"19":{"start":{"line":49,"column":29},"end":{"line":49,"column":67}},"20":{"start":{"line":49,"column":38},"end":{"line":49,"column":67}},"21":{"start":{"line":51,"column":26},"end":{"line":53,"column":1}},"22":{"start":{"line":52,"column":2},"end":{"line":52,"column":40}},"23":{"start":{"line":52,"column":28},"end":{"line":52,"column":39}}},"fnMap":{"0":{"name":"(anonymous_0)","decl":{"start":{"line":5,"column":29},"end":{"line":5,"column":30}},"loc":{"start":{"line":5,"column":40},"end":{"line":11,"column":1}},"line":5},"1":{"name":"(anonymous_1)","decl":{"start":{"line":6,"column":21},"end":{"line":6,"column":22}},"loc":{"start":{"line":6,"column":28},"end":{"line":10,"column":3}},"line":6},"2":{"name":"(anonymous_2)","decl":{"start":{"line":13,"column":26},"end":{"line":13,"column":27}},"loc":{"start":{"line":13,"column":35},"end":{"line":13,"column":60}},"line":13},"3":{"name":"(anonymous_3)","decl":{"start":{"line":15,"column":67},"end":{"line":15,"column":68}},"loc":{"start":{"line":15,"column":78},"end":{"line":38,"column":1}},"line":15},"4":{"name":"(anonymous_4)","decl":{"start":{"line":19,"column":11},"end":{"line":19,"column":12}},"loc":{"start":{"line":19,"column":28},"end":{"line":24,"column":7}},"line":19},"5":{"name":"(anonymous_5)","decl":{"start":{"line":25,"column":11},"end":{"line":25,"column":12}},"loc":{"start":{"line":25,"column":30},"end":{"line":31,"column":7}},"line":25},"6":{"name":"(anonymous_6)","decl":{"start":{"line":27,"column":58},"end":{"line":27,"column":59}},"loc":{"start":{"line":27,"column":64},"end":{"line":30,"column":9}},"line":27},"7":{"name":"(anonymous_7)","decl":{"start":{"line":32,"column":11},"end":{"line":32,"column":12}},"loc":{"start":{"line":32,"column":30},"end":{"line":35,"column":7}},"line":32},"8":{"name":"(anonymous_8)","decl":{"start":{"line":40,"column":24},"end":{"line":40,"column":25}},"loc":{"start":{"line":40,"column":33},"end":{"line":40,"column":63}},"line":40},"9":{"name":"(anonymous_9)","decl":{"start":{"line":42,"column":63},"end":{"line":42,"column":64}},"loc":{"start":{"line":43,"column":2},"end":{"line":46,"column":5}},"line":43},"10":{"name":"(anonymous_10)","decl":{"start":{"line":43,"column":19},"end":{"line":43,"column":20}},"loc":{"start":{"line":43,"column":35},"end":{"line":46,"column":3}},"line":43},"11":{"name":"(anonymous_11)","decl":{"start":{"line":49,"column":29},"end":{"line":49,"column":30}},"loc":{"start":{"line":49,"column":38},"end":{"line":49,"column":67}},"line":49},"12":{"name":"(anonymous_12)","decl":{"start":{"line":51,"column":65},"end":{"line":51,"column":66}},"loc":{"start":{"line":52,"column":2},"end":{"line":52,"column":40}},"line":52},"13":{"name":"(anonymous_13)","decl":{"start":{"line":52,"column":18},"end":{"line":52,"column":19}},"loc":{"start":{"line":52,"column":28},"end":{"line":52,"column":39}},"line":52}},"branchMap":{"0":{"loc":{"start":{"line":16,"column":2},"end":{"line":36,"column":3}},"type":"if","locations":[{"start":{"line":16,"column":2},"end":{"line":36,"column":3}},{"start":{"line":16,"column":2},"end":{"line":36,"column":3}}],"line":16},"1":{"loc":{"start":{"line":29,"column":20},"end":{"line":29,"column":48}},"type":"cond-expr","locations":[{"start":{"line":29,"column":33},"end":{"line":29,"column":43}},{"start":{"line":29,"column":46},"end":{"line":29,"column":48}}],"line":29}},"s":{"0":2,"1":4,"2":0,"3":2,"4":2,"5":2,"6":2,"7":2,"8":2,"9":4,"10":4,"11":0,"12":4,"13":0,"14":2,"15":3,"16":2,"17":3,"18":9,"19":2,"20":2,"21":2,"22":2,"23":6},"f":{"0":4,"1":0,"2":2,"3":2,"4":4,"5":4,"6":0,"7":4,"8":3,"9":3,"10":9,"11":2,"12":2,"13":6},"b":{"0":[2,0],"1":[0,0]},"_coverageSchema":"332fd63041d2c1bcb487cc26dd0d5f7d97098a6c","hash":"80acb05080002084abf7366bb555443606f06169"}
,"/Users/andreszapata/Projects/React/VisualDictionary/src/jest/globals.js": {"path":"/Users/andreszapata/Projects/React/VisualDictionary/src/jest/globals.js","statementMap":{"0":{"start":{"line":1,"column":0},"end":{"line":9,"column":2}},"1":{"start":{"line":2,"column":2},"end":{"line":8,"column":3}}},"fnMap":{"0":{"name":"(anonymous_0)","decl":{"start":{"line":1,"column":49},"end":{"line":1,"column":50}},"loc":{"start":{"line":1,"column":58},"end":{"line":9,"column":1}},"line":1}},"branchMap":{},"s":{"0":14,"1":2},"f":{"0":2},"b":{},"_coverageSchema":"332fd63041d2c1bcb487cc26dd0d5f7d97098a6c","hash":"bc27836cda12c7e3dc37897b6621c12e01894ce8"}
,"/Users/andreszapata/Projects/React/VisualDictionary/src/utils/audio/playAudio.js": {"path":"/Users/andreszapata/Projects/React/VisualDictionary/src/utils/audio/playAudio.js","statementMap":{"0":{"start":{"line":1,"column":18},"end":{"line":4,"column":1}},"1":{"start":{"line":2,"column":16},"end":{"line":2,"column":36}},"2":{"start":{"line":3,"column":2},"end":{"line":3,"column":14}}},"fnMap":{"0":{"name":"(anonymous_0)","decl":{"start":{"line":1,"column":18},"end":{"line":1,"column":19}},"loc":{"start":{"line":1,"column":31},"end":{"line":4,"column":1}},"line":1}},"branchMap":{},"s":{"0":4,"1":0,"2":0},"f":{"0":0},"b":{},"_coverageSchema":"332fd63041d2c1bcb487cc26dd0d5f7d97098a6c","hash":"76d5a13aaa6fbd4d2ab97c4da423873f3527208b"}
,"/Users/andreszapata/Projects/React/VisualDictionary/src/utils/hydrateWithId/index.js": {"path":"/Users/andreszapata/Projects/React/VisualDictionary/src/utils/hydrateWithId/index.js","statementMap":{"0":{"start":{"line":4,"column":23},"end":{"line":7,"column":1}},"1":{"start":{"line":5,"column":2},"end":{"line":5,"column":29}},"2":{"start":{"line":5,"column":20},"end":{"line":5,"column":29}},"3":{"start":{"line":6,"column":2},"end":{"line":6,"column":65}},"4":{"start":{"line":6,"column":28},"end":{"line":6,"column":63}}},"fnMap":{"0":{"name":"(anonymous_0)","decl":{"start":{"line":4,"column":23},"end":{"line":4,"column":24}},"loc":{"start":{"line":4,"column":32},"end":{"line":7,"column":1}},"line":4},"1":{"name":"(anonymous_1)","decl":{"start":{"line":6,"column":19},"end":{"line":6,"column":20}},"loc":{"start":{"line":6,"column":28},"end":{"line":6,"column":63}},"line":6}},"branchMap":{"0":{"loc":{"start":{"line":5,"column":2},"end":{"line":5,"column":29}},"type":"if","locations":[{"start":{"line":5,"column":2},"end":{"line":5,"column":29}},{"start":{"line":5,"column":2},"end":{"line":5,"column":29}}],"line":5}},"s":{"0":3,"1":12,"2":1,"3":11,"4":6},"f":{"0":12,"1":6},"b":{"0":[1,11]},"_coverageSchema":"332fd63041d2c1bcb487cc26dd0d5f7d97098a6c","hash":"7ea8a6c8a75f35cacc9e3eebe25c511a304d286c"}
,"/Users/andreszapata/Projects/React/VisualDictionary/src/utils/request/index.js": {"path":"/Users/andreszapata/Projects/React/VisualDictionary/src/utils/request/index.js","statementMap":{"0":{"start":{"line":3,"column":20},"end":{"line":8,"column":1}},"1":{"start":{"line":4,"column":2},"end":{"line":6,"column":3}},"2":{"start":{"line":5,"column":4},"end":{"line":5,"column":19}},"3":{"start":{"line":7,"column":2},"end":{"line":7,"column":34}},"4":{"start":{"line":11,"column":21},"end":{"line":11,"column":36}},"5":{"start":{"line":13,"column":18},"end":{"line":18,"column":3}},"6":{"start":{"line":20,"column":2},"end":{"line":22,"column":3}},"7":{"start":{"line":21,"column":4},"end":{"line":21,"column":26}},"8":{"start":{"line":24,"column":2},"end":{"line":27,"column":3}},"9":{"start":{"line":29,"column":2},"end":{"line":31,"column":38}},"10":{"start":{"line":31,"column":22},"end":{"line":31,"column":37}}},"fnMap":{"0":{"name":"(anonymous_0)","decl":{"start":{"line":3,"column":20},"end":{"line":3,"column":21}},"loc":{"start":{"line":3,"column":32},"end":{"line":8,"column":1}},"line":3},"1":{"name":"request","decl":{"start":{"line":10,"column":9},"end":{"line":10,"column":16}},"loc":{"start":{"line":10,"column":51},"end":{"line":32,"column":1}},"line":10},"2":{"name":"(anonymous_2)","decl":{"start":{"line":31,"column":10},"end":{"line":31,"column":11}},"loc":{"start":{"line":31,"column":22},"end":{"line":31,"column":37}},"line":31}},"branchMap":{"0":{"loc":{"start":{"line":4,"column":2},"end":{"line":6,"column":3}},"type":"if","locations":[{"start":{"line":4,"column":2},"end":{"line":6,"column":3}},{"start":{"line":4,"column":2},"end":{"line":6,"column":3}}],"line":4},"1":{"loc":{"start":{"line":10,"column":22},"end":{"line":10,"column":34}},"type":"default-arg","locations":[{"start":{"line":10,"column":32},"end":{"line":10,"column":34}}],"line":10},"2":{"loc":{"start":{"line":10,"column":36},"end":{"line":10,"column":49}},"type":"default-arg","locations":[{"start":{"line":10,"column":42},"end":{"line":10,"column":49}}],"line":10},"3":{"loc":{"start":{"line":20,"column":2},"end":{"line":22,"column":3}},"type":"if","locations":[{"start":{"line":20,"column":2},"end":{"line":22,"column":3}},{"start":{"line":20,"column":2},"end":{"line":22,"column":3}}],"line":20}},"s":{"0":2,"1":3,"2":3,"3":0,"4":5,"5":5,"6":5,"7":5,"8":5,"9":5,"10":3},"f":{"0":3,"1":5,"2":3},"b":{"0":[3,0],"1":[4],"2":[4],"3":[5,0]},"_coverageSchema":"332fd63041d2c1bcb487cc26dd0d5f7d97098a6c","hash":"1463347ad93599956c2e1bdc913b7f6d60a099ff"}
}
