TN:
SF:/Users/andreszapata/Projects/React/VisualDictionary/src/Components/App/index.jsx
FN:15,(anonymous_0)
FN:61,(anonymous_1)
FNF:2
FNH:1
FNDA:4,(anonymous_0)
FNDA:0,(anonymous_1)
DA:15,1
DA:24,4
DA:44,1
DA:57,1
DA:61,1
LF:5
LH:5
BRDA:31,0,0,4
BRDA:31,0,1,1
BRF:2
BRH:2
end_of_record
TN:
SF:/Users/andreszapata/Projects/React/VisualDictionary/src/Components/App/SearchBox/index.jsx
FN:13,(anonymous_0)
FN:23,(anonymous_1)
FN:33,(anonymous_2)
FN:44,(anonymous_3)
FN:45,(anonymous_4)
FN:50,(anonymous_5)
FN:51,(anonymous_6)
FN:62,(anonymous_7)
FN:69,(anonymous_8)
FNF:9
FNH:7
FNDA:34,(anonymous_0)
FNDA:5,(anonymous_1)
FNDA:11,(anonymous_2)
FNDA:0,(anonymous_3)
FNDA:0,(anonymous_4)
FNDA:2,(anonymous_5)
FNDA:10,(anonymous_6)
FNDA:34,(anonymous_7)
FNDA:5,(anonymous_8)
DA:16,34
DA:17,34
DA:18,8
DA:20,26
DA:24,5
DA:25,5
DA:26,5
DA:27,3
DA:28,3
DA:30,2
DA:34,11
DA:35,11
DA:36,11
DA:37,7
DA:38,7
DA:41,4
DA:45,0
DA:46,0
DA:51,2
DA:52,10
DA:63,34
DA:64,34
DA:65,34
DA:69,5
DA:107,2
LF:25
LH:23
BRDA:17,0,0,8
BRDA:17,0,1,26
BRDA:26,1,0,3
BRDA:26,1,1,2
BRDA:36,2,0,7
BRDA:36,2,1,4
BRDA:57,3,0,8
BRDA:57,3,1,2
BRDA:85,4,0,34
BRDA:85,4,1,3
BRDA:90,5,0,34
BRDA:90,5,1,8
BRDA:90,5,2,7
BRDA:96,6,0,34
BRDA:96,6,1,2
BRF:15
BRH:15
end_of_record
TN:
SF:/Users/andreszapata/Projects/React/VisualDictionary/src/Components/App/SearchBox/Compnents/SuggestionLink/index.jsx
FN:5,(anonymous_0)
FN:8,(anonymous_1)
FNF:2
FNH:2
FNDA:13,(anonymous_0)
FNDA:1,(anonymous_1)
DA:5,3
DA:6,13
DA:8,1
DA:14,3
LF:4
LH:4
BRF:0
BRH:0
end_of_record
TN:
SF:/Users/andreszapata/Projects/React/VisualDictionary/src/Components/App/SearchResults/index.jsx
FN:16,(anonymous_0)
FN:26,(anonymous_1)
FN:33,(anonymous_2)
FN:46,(anonymous_3)
FNF:4
FNH:4
FNDA:7,(anonymous_0)
FNDA:9,(anonymous_1)
FNDA:15,(anonymous_2)
FNDA:7,(anonymous_3)
DA:7,2
DA:16,2
DA:17,7
DA:27,9
DA:29,9
DA:34,15
DA:46,7
DA:53,2
LF:8
LH:8
BRF:0
BRH:0
end_of_record
TN:
SF:/Users/andreszapata/Projects/React/VisualDictionary/src/Components/App/SearchResults/mocks.js
FN:3,(anonymous_0)
FNF:1
FNH:1
FNDA:15,(anonymous_0)
DA:3,15
LF:1
LH:1
BRF:0
BRH:0
end_of_record
TN:
SF:/Users/andreszapata/Projects/React/VisualDictionary/src/Components/App/SearchResults/Components/LexicalEntry/index.jsx
FN:8,(anonymous_0)
FNF:1
FNH:1
FNDA:11,(anonymous_0)
DA:8,3
DA:9,11
DA:22,3
LF:3
LH:3
BRF:0
BRH:0
end_of_record
TN:
SF:/Users/andreszapata/Projects/React/VisualDictionary/src/Components/App/SearchResults/Components/LexicalEntry/Components/Definitions/index.jsx
FN:5,(anonymous_0)
FN:6,(anonymous_1)
FN:17,(anonymous_2)
FN:22,(anonymous_3)
FN:27,(anonymous_4)
FN:34,(anonymous_5)
FN:41,(anonymous_6)
FNF:7
FNH:1
FNDA:12,(anonymous_0)
FNDA:0,(anonymous_1)
FNDA:0,(anonymous_2)
FNDA:0,(anonymous_3)
FNDA:0,(anonymous_4)
FNDA:0,(anonymous_5)
FNDA:0,(anonymous_6)
DA:5,4
DA:6,12
DA:14,12
DA:18,0
DA:22,0
DA:28,0
DA:35,0
DA:42,0
DA:56,4
LF:9
LH:4
BRDA:21,0,0,0
BRDA:21,0,1,0
BRDA:26,1,0,0
BRDA:26,1,1,0
BRDA:32,2,0,0
BRDA:32,2,1,0
BRDA:32,2,2,0
BRDA:40,3,0,0
BRDA:40,3,1,0
BRF:9
BRH:0
end_of_record
TN:
SF:/Users/andreszapata/Projects/React/VisualDictionary/src/Components/App/SearchResults/Components/LexicalEntry/Components/Etymologies/index.jsx
FN:5,(anonymous_0)
FN:6,(anonymous_1)
FN:6,(anonymous_2)
FN:11,(anonymous_3)
FNF:4
FNH:4
FNDA:12,(anonymous_0)
FNDA:12,(anonymous_1)
FNDA:12,(anonymous_2)
FNDA:12,(anonymous_3)
DA:5,4
DA:6,12
DA:7,12
DA:11,12
DA:17,4
LF:5
LH:5
BRDA:8,0,0,12
BRDA:8,0,1,12
BRF:2
BRH:2
end_of_record
TN:
SF:/Users/andreszapata/Projects/React/VisualDictionary/src/Components/App/SearchResults/Components/LexicalEntry/Components/Pronunciations/index.jsx
FN:5,(anonymous_0)
FN:7,(anonymous_1)
FN:13,(anonymous_2)
FNF:3
FNH:3
FNDA:15,(anonymous_0)
FNDA:26,(anonymous_1)
FNDA:26,(anonymous_2)
DA:5,4
DA:6,15
DA:8,26
DA:13,26
DA:23,4
LF:5
LH:5
BRDA:11,0,0,26
BRDA:11,0,1,26
BRDA:16,1,0,26
BRDA:16,1,1,15
BRF:4
BRH:4
end_of_record
TN:
SF:/Users/andreszapata/Projects/React/VisualDictionary/src/Components/App/SearchResults/Components/PlayAudioButton/index.jsx
FN:5,(anonymous_0)
FN:7,(anonymous_1)
FNF:2
FNH:2
FNDA:18,(anonymous_0)
FNDA:1,(anonymous_1)
DA:5,5
DA:6,18
DA:7,1
DA:13,5
LF:4
LH:4
BRF:0
BRH:0
end_of_record
TN:
SF:/Users/andreszapata/Projects/React/VisualDictionary/src/Components/App/actionTypes/index.js
FNF:0
FNH:0
DA:3,4
LF:1
LH:1
BRF:0
BRH:0
end_of_record
TN:
SF:/Users/andreszapata/Projects/React/VisualDictionary/src/Components/App/actions/index.js
FN:4,(anonymous_0)
FN:11,searchWordSuccess
FN:22,searchWordFailure
FN:30,displaySuggestions
FN:37,searchImages
FN:45,(anonymous_5)
FN:48,searchWord
FN:49,(anonymous_7)
FN:59,(anonymous_8)
FNF:9
FNH:9
FNDA:4,(anonymous_0)
FNDA:2,searchWordSuccess
FNDA:3,searchWordFailure
FNDA:1,displaySuggestions
FNDA:1,searchImages
FNDA:1,(anonymous_5)
FNDA:3,searchWord
FNDA:3,(anonymous_7)
FNDA:1,(anonymous_8)
DA:4,4
DA:12,2
DA:13,2
DA:23,3
DA:31,1
DA:38,1
DA:45,1
DA:49,3
DA:50,3
DA:51,3
DA:52,3
DA:53,1
DA:54,1
DA:56,2
DA:57,1
DA:59,1
DA:60,1
DA:62,2
LF:18
LH:18
BRDA:45,0,0,0
BRDA:45,0,1,1
BRDA:56,1,0,1
BRDA:56,1,1,1
BRF:4
BRH:3
end_of_record
TN:
SF:/Users/andreszapata/Projects/React/VisualDictionary/src/Components/App/reducers/SearchStore.js
FN:11,SearchStore
FNF:1
FNH:1
FNDA:6,SearchStore
DA:3,1
DA:12,6
DA:13,6
DA:15,2
DA:22,1
DA:29,1
DA:37,1
DA:42,1
LF:8
LH:8
BRDA:11,0,0,2
BRDA:13,1,0,2
BRDA:13,1,1,1
BRDA:13,1,2,1
BRDA:13,1,3,1
BRDA:13,1,4,1
BRF:6
BRH:6
end_of_record
TN:
SF:/Users/andreszapata/Projects/React/VisualDictionary/src/Components/App/reducers/selectors.js
FN:5,(anonymous_0)
FN:6,(anonymous_1)
FN:13,(anonymous_2)
FN:15,(anonymous_3)
FN:19,(anonymous_4)
FN:25,(anonymous_5)
FN:27,(anonymous_6)
FN:32,(anonymous_7)
FN:40,(anonymous_8)
FN:42,(anonymous_9)
FN:43,(anonymous_10)
FN:49,(anonymous_11)
FN:51,(anonymous_12)
FN:52,(anonymous_13)
FNF:14
FNH:12
FNDA:4,(anonymous_0)
FNDA:0,(anonymous_1)
FNDA:2,(anonymous_2)
FNDA:2,(anonymous_3)
FNDA:4,(anonymous_4)
FNDA:4,(anonymous_5)
FNDA:0,(anonymous_6)
FNDA:4,(anonymous_7)
FNDA:3,(anonymous_8)
FNDA:3,(anonymous_9)
FNDA:9,(anonymous_10)
FNDA:2,(anonymous_11)
FNDA:2,(anonymous_12)
FNDA:6,(anonymous_13)
DA:5,2
DA:6,4
DA:13,2
DA:15,2
DA:16,2
DA:17,2
DA:18,2
DA:19,4
DA:25,4
DA:27,0
DA:32,4
DA:37,0
DA:40,3
DA:42,2
DA:43,9
DA:49,2
DA:51,2
DA:52,6
LF:18
LH:16
BRDA:16,0,0,2
BRDA:16,0,1,0
BRDA:29,1,0,0
BRDA:29,1,1,0
BRF:4
BRH:1
end_of_record
TN:
SF:/Users/andreszapata/Projects/React/VisualDictionary/src/jest/globals.js
FN:1,(anonymous_0)
FNF:1
FNH:1
FNDA:2,(anonymous_0)
DA:1,14
DA:2,2
LF:2
LH:2
BRF:0
BRH:0
end_of_record
TN:
SF:/Users/andreszapata/Projects/React/VisualDictionary/src/utils/audio/playAudio.js
FN:1,(anonymous_0)
FNF:1
FNH:0
FNDA:0,(anonymous_0)
DA:1,4
DA:2,0
DA:3,0
LF:3
LH:1
BRF:0
BRH:0
end_of_record
TN:
SF:/Users/andreszapata/Projects/React/VisualDictionary/src/utils/hydrateWithId/index.js
FN:4,(anonymous_0)
FN:6,(anonymous_1)
FNF:2
FNH:2
FNDA:12,(anonymous_0)
FNDA:6,(anonymous_1)
DA:4,3
DA:5,12
DA:6,11
LF:3
LH:3
BRDA:5,0,0,1
BRDA:5,0,1,11
BRF:2
BRH:2
end_of_record
TN:
SF:/Users/andreszapata/Projects/React/VisualDictionary/src/utils/request/index.js
FN:3,(anonymous_0)
FN:10,request
FN:31,(anonymous_2)
FNF:3
FNH:3
FNDA:3,(anonymous_0)
FNDA:5,request
FNDA:3,(anonymous_2)
DA:3,2
DA:4,3
DA:5,3
DA:7,0
DA:11,5
DA:13,5
DA:20,5
DA:21,5
DA:24,5
DA:29,5
DA:31,3
LF:11
LH:10
BRDA:4,0,0,3
BRDA:4,0,1,0
BRDA:10,1,0,4
BRDA:10,2,0,4
BRDA:20,3,0,5
BRDA:20,3,1,0
BRF:6
BRH:4
end_of_record
